<?xml version="1.0" encoding="UTF-8"?>
<testsuites name="SuitePrueba" time="23.367" tests="2" failures="0" errors="0">
   <testsuite name="SuitePrueba" tests="2" failures="0" errors="0" time="23.367" timestamp="2020-08-17 14:31:00" hostname="AR-IT13429$ - AR-IT13429.globant.com" id="Test Suites/SuitePrueba">
      <properties>
         <property name="deviceName" value=""/>
         <property name="devicePlatform" value=""/>
         <property name="logFolder" value="C:\\Users\\juan.usandivaras\\git\\KatalonGitRepo\\Reports\\20200817_143058\\SuitePrueba\\20200817_143058"/>
         <property name="logFiles" value="C:\\Users\\juan.usandivaras\\git\\KatalonGitRepo\\Reports\\20200817_143058\\SuitePrueba\\20200817_143058\\execution0.log"/>
         <property name="attachments" value=""/>
         <property name="hostName" value="AR-IT13429$ - AR-IT13429.globant.com"/>
         <property name="os" value="Windows 10 64bit"/>
         <property name="katalonVersion" value="7.6.2.205"/>
         <property name="browser" value="Chrome 84.0.4147.125"/>
         <property name="hostAddress" value="192.168.100.19"/>
         <property name="sessionId" value="f91ebee20f951de8f220496c8f32c2fa"/>
         <property name="seleniumVersion" value="3.141.59"/>
         <property name="proxyInformation" value="ProxyInformation { proxyOption=NO_PROXY, proxyServerType=HTTP, username=, password=********, proxyServerAddress=, proxyServerPort=0, executionList=\&quot;\&quot;, isApplyToDesiredCapabilities=true }"/>
         <property name="platform" value="Windows 10"/>
      </properties>
      <testcase name="Test Cases/FirstTest" time="13.447" classname="Test Cases/FirstTest" status="PASSED">
         <system-out><![CDATA[2020-08-17 14:31:00 - [TEST_CASE][PASSED] - Test Cases/FirstTest: Test Cases/FirstTest

2020-08-17 14:31:01 - [TEST_STEP][PASSED] - openBrowser(""): Browser is opened with url: ''

2020-08-17 14:31:01 - [MESSAGE][INFO] - Starting 'Chrome' driver

2020-08-17 14:31:01 - [MESSAGE][INFO] - Action delay is set to 0 milliseconds

2020-08-17 14:31:08 - [MESSAGE][PASSED] - Browser is opened with url: ''

2020-08-17 14:31:08 - [TEST_STEP][PASSED] - navigateToUrl("https://www.google.com/"): Navigate to 'https://www.google.com/' successfully

2020-08-17 14:31:09 - [MESSAGE][PASSED] - Navigate to 'https://www.google.com/' successfully

2020-08-17 14:31:09 - [TEST_STEP][PASSED] - setText(findTestObject("Object Repository/First_TC_Objects/Page_Google/input_Iniciar sesin_q"), "hola y chau"): Text 'hola y chau' is set on object 'Object Repository/First_TC_Objects/Page_Google/input_Iniciar sesin_q'

2020-08-17 14:31:10 - [MESSAGE][PASSED] - Text 'hola y chau' is set on object 'Object Repository/First_TC_Objects/Page_Google/input_Iniciar sesin_q'

2020-08-17 14:31:10 - [TEST_STEP][PASSED] - click(findTestObject("Object Repository/First_TC_Objects/Page_Google/span_hola y chau")): Object: 'Object Repository/First_TC_Objects/Page_Google/span_hola y chau' is clicked on

2020-08-17 14:31:13 - [MESSAGE][PASSED] - Object: 'Object Repository/First_TC_Objects/Page_Google/span_hola y chau' is clicked on

2020-08-17 14:31:13 - [TEST_STEP][PASSED] - closeBrowser(): Browser is closed

2020-08-17 14:31:14 - [MESSAGE][PASSED] - Browser is closed]]></system-out>
         <system-err><![CDATA[]]></system-err>
      </testcase>
      <testcase name="Test Cases/SecondTest" time="9.564" classname="Test Cases/SecondTest" status="PASSED">
         <system-out><![CDATA[2020-08-17 14:31:14 - [TEST_CASE][PASSED] - Test Cases/SecondTest: Test Cases/SecondTest

2020-08-17 14:31:14 - [TEST_STEP][PASSED] - openBrowser(""): Browser is opened with url: ''

2020-08-17 14:31:14 - [MESSAGE][INFO] - Starting 'Chrome' driver

2020-08-17 14:31:14 - [MESSAGE][INFO] - Action delay is set to 0 milliseconds

2020-08-17 14:31:18 - [MESSAGE][PASSED] - Browser is opened with url: ''

2020-08-17 14:31:18 - [TEST_STEP][PASSED] - navigateToUrl("https://www.facebook.com/"): Navigate to 'https://www.facebook.com/' successfully

2020-08-17 14:31:21 - [MESSAGE][PASSED] - Navigate to 'https://www.facebook.com/' successfully

2020-08-17 14:31:21 - [TEST_STEP][PASSED] - setText(findTestObject("Object Repository/Second_TC_Objects/Page_Facebook - Log In or Sign Up/input_Connect with friends and the world ar_a26e6d"), "hola"): Text 'hola' is set on object 'Object Repository/Second_TC_Objects/Page_Facebook - Log In or Sign Up/input_Connect with friends and the world ar_a26e6d'

2020-08-17 14:31:22 - [MESSAGE][PASSED] - Text 'hola' is set on object 'Object Repository/Second_TC_Objects/Page_Facebook - Log In or Sign Up/input_Connect with friends and the world ar_a26e6d'

2020-08-17 14:31:22 - [TEST_STEP][PASSED] - setEncryptedText(findTestObject("Object Repository/Second_TC_Objects/Page_Facebook - Log In or Sign Up/input_Connect with friends and the world ar_060a06"), "PVpeRdRPwMw="): Text ****** has been set on object 'Object Repository/Second_TC_Objects/Page_Facebook - Log In or Sign Up/input_Connect with friends and the world ar_060a06'

2020-08-17 14:31:22 - [MESSAGE][PASSED] - Text ****** has been set on object 'Object Repository/Second_TC_Objects/Page_Facebook - Log In or Sign Up/input_Connect with friends and the world ar_060a06'

2020-08-17 14:31:22 - [TEST_STEP][PASSED] - click(findTestObject("Object Repository/Second_TC_Objects/Page_Facebook - Log In or Sign Up/button_Log In")): Object: 'Object Repository/Second_TC_Objects/Page_Facebook - Log In or Sign Up/button_Log In' is clicked on

2020-08-17 14:31:23 - [MESSAGE][PASSED] - Object: 'Object Repository/Second_TC_Objects/Page_Facebook - Log In or Sign Up/button_Log In' is clicked on

2020-08-17 14:31:23 - [TEST_STEP][PASSED] - closeBrowser(): Browser is closed

2020-08-17 14:31:24 - [MESSAGE][PASSED] - Browser is closed]]></system-out>
         <system-err><![CDATA[]]></system-err>
      </testcase>
      <system-out><![CDATA[2020-08-17 14:31:00 - [TEST_SUITE][PASSED] - SuitePrueba: Test Cases/SecondTest]]></system-out>
      <system-err><![CDATA[]]></system-err>
   </testsuite>
</testsuites>
